<?xml version="1.0" encoding="UTF-8"?>
<!-- Generated by org.testng.reporters.JUnitXMLReporter -->
<testsuite hostname="Manimala-LAPTOP" ignored="0" name="Default test" tests="5" failures="0" timestamp="22 Dec 2020 08:36:00 GMT" time="139.728" errors="0">
  <testcase name="fillUserForm" time="13.949" classname="TestSuites.Test1"/>
  <testcase name="fillUserForm" time="12.871" classname="TestSuites.Test1"/>
  <testcase name="fillUserForm" time="14.392" classname="TestSuites.Test1"/>
  <testcase name="fillUserForm" time="13.275" classname="TestSuites.Test1"/>
  <testcase name="fillUserForm" time="14.344" classname="TestSuites.Test1"/>
</testsuite> <!-- Default test -->
